<?xml version="1.0" encoding="UTF-8"?>
<testsuite name="CategoryTest" tests="4" skipped="0" failures="0" errors="0" timestamp="2015-08-24T01:35:29" hostname="epicodus-16" time="0.137">
  <properties/>
  <testcase name="equals_returnsTrueIfNamesAretheSame" classname="CategoryTest" time="0.075"/>
  <testcase name="all_emptyAtFirst" classname="CategoryTest" time="0.031"/>
  <testcase name="find_findCategoryInDatabase_true" classname="CategoryTest" time="0.017"/>
  <testcase name="save_savesIntoDatabase_true" classname="CategoryTest" time="0.013"/>
  <system-out><![CDATA[]]></system-out>
  <system-err><![CDATA[]]></system-err>
</testsuite>
